C:\Program Files (x86)\Microsoft Visual Studio\2019\Community\MSBuild\Microsoft\VC\v160\Microsoft.CppBuild.targets(513,5): warning MSB8028: The intermediate directory (x64\Release\) contains files shared from another project (YoutubeOpenGL.vcxproj).  This can lead to incorrect clean and rebuild behavior.
  Main.cpp
C:\Users\linus\CLionProjects\ee\opengl-tutorials\ImGUI GLFW Tutorial\constants.h(15,25): warning C4305: 'initializing': truncation from 'double' to 'float'
C:\Users\linus\CLionProjects\ee\opengl-tutorials\ImGUI GLFW Tutorial\constants.h(15,47): warning C4305: 'initializing': truncation from 'double' to 'float'
C:\Users\linus\CLionProjects\ee\opengl-tutorials\ImGUI GLFW Tutorial\constants.h(19,24): warning C4305: 'initializing': truncation from 'double' to 'float'
C:\Users\linus\CLionProjects\ee\opengl-tutorials\ImGUI GLFW Tutorial\constants.h(19,46): warning C4305: 'initializing': truncation from 'double' to 'float'
C:\Users\linus\CLionProjects\ee\opengl-tutorials\ImGUI GLFW Tutorial\constants.h(20,23): warning C4305: 'initializing': truncation from 'double' to 'float'
C:\Users\linus\CLionProjects\ee\opengl-tutorials\ImGUI GLFW Tutorial\constants.h(20,48): warning C4305: 'initializing': truncation from 'double' to 'float'
C:\Users\linus\CLionProjects\ee\opengl-tutorials\ImGUI GLFW Tutorial\Main.cpp(346,90): warning C4267: 'argument': conversion from 'size_t' to 'GLsizei', possible loss of data
C:\Users\linus\CLionProjects\ee\opengl-tutorials\ImGUI GLFW Tutorial\Main.cpp(351,90): warning C4267: 'argument': conversion from 'size_t' to 'GLsizei', possible loss of data
  animals.cpp
C:\Users\linus\CLionProjects\ee\opengl-tutorials\ImGUI GLFW Tutorial\constants.h(15,25): warning C4305: 'initializing': truncation from 'double' to 'float'
C:\Users\linus\CLionProjects\ee\opengl-tutorials\ImGUI GLFW Tutorial\constants.h(15,47): warning C4305: 'initializing': truncation from 'double' to 'float'
C:\Users\linus\CLionProjects\ee\opengl-tutorials\ImGUI GLFW Tutorial\constants.h(19,24): warning C4305: 'initializing': truncation from 'double' to 'float'
C:\Users\linus\CLionProjects\ee\opengl-tutorials\ImGUI GLFW Tutorial\constants.h(19,46): warning C4305: 'initializing': truncation from 'double' to 'float'
C:\Users\linus\CLionProjects\ee\opengl-tutorials\ImGUI GLFW Tutorial\constants.h(20,23): warning C4305: 'initializing': truncation from 'double' to 'float'
C:\Users\linus\CLionProjects\ee\opengl-tutorials\ImGUI GLFW Tutorial\constants.h(20,48): warning C4305: 'initializing': truncation from 'double' to 'float'
Main.obj : error LNK2005: "float constant::idle_slow" (?idle_slow@constant@@3MA) already defined in animals.obj
Main.obj : error LNK2005: "float constant::pred_speed" (?pred_speed@constant@@3MA) already defined in animals.obj
Main.obj : error LNK2005: "int constant::init_pred" (?init_pred@constant@@3HA) already defined in animals.obj
Main.obj : error LNK2005: "float constant::pred_see_range" (?pred_see_range@constant@@3MA) already defined in animals.obj
Main.obj : error LNK2005: "float constant::frame_steps" (?frame_steps@constant@@3MA) already defined in animals.obj
Main.obj : error LNK2005: "int constant::init_prey" (?init_prey@constant@@3HA) already defined in animals.obj
Main.obj : error LNK2005: "float constant::idle_dir_c" (?idle_dir_c@constant@@3MA) already defined in animals.obj
Main.obj : error LNK2005: "float constant::energy_on" (?energy_on@constant@@3MA) already defined in animals.obj
Main.obj : error LNK2005: "bool constant::simulating" (?simulating@constant@@3_NA) already defined in animals.obj
Main.obj : error LNK2005: "float constant::sim_steps" (?sim_steps@constant@@3MA) already defined in animals.obj
Main.obj : error LNK2005: "float constant::sim_step_per_frame" (?sim_step_per_frame@constant@@3MA) already defined in animals.obj
Main.obj : error LNK2005: "float constant::pred_size" (?pred_size@constant@@3MA) already defined in animals.obj
Main.obj : error LNK2005: "float constant::prey_speed" (?prey_speed@constant@@3MA) already defined in animals.obj
Main.obj : error LNK2005: "float constant::prey_see_range" (?prey_see_range@constant@@3MA) already defined in animals.obj
Main.obj : error LNK2005: "float constant::prey_size" (?prey_size@constant@@3MA) already defined in animals.obj
LINK : warning LNK4098: defaultlib 'MSVCRTD' conflicts with use of other libs; use /NODEFAULTLIB:library
C:\Users\linus\CLionProjects\ee\opengl-tutorials\ImGUI GLFW Tutorial\x64\Release\Extended Essay Linus Lüchinger.exe : fatal error LNK1169: one or more multiply defined symbols found
