  Main.cpp
C:\Users\linus\CLionProjects\ee\Visual Studio Project\animals.h(13,15): warning C4099: 'predator': type name first seen using 'struct' now seen using 'class'
C:\Users\linus\CLionProjects\ee\Visual Studio Project\state.h(10): message : see declaration of 'predator'
C:\Users\linus\CLionProjects\ee\Visual Studio Project\animals.h(15,12): warning C4099: 'prey': type name first seen using 'struct' now seen using 'class'
C:\Users\linus\CLionProjects\ee\Visual Studio Project\animals.h(15): message : see declaration of 'prey'
C:\Users\linus\CLionProjects\ee\Visual Studio Project\animals.h(22,16): warning C4099: 'predator': type name first seen using 'struct' now seen using 'class'
C:\Users\linus\CLionProjects\ee\Visual Studio Project\animals.h(22): message : see declaration of 'predator'
C:\Users\linus\CLionProjects\ee\Visual Studio Project\Main.cpp(111,12): warning C4244: 'argument': conversion from 'time_t' to 'unsigned int', possible loss of data
C:\Users\linus\CLionProjects\ee\Visual Studio Project\Main.cpp(222,20): warning C4305: '=': truncation from 'double' to 'float'
C:\Users\linus\CLionProjects\ee\Visual Studio Project\Main.cpp(226,29): warning C4305: '=': truncation from 'double' to 'float'
C:\Users\linus\CLionProjects\ee\Visual Studio Project\Main.cpp(227,32): warning C4305: '=': truncation from 'double' to 'float'
C:\Users\linus\CLionProjects\ee\Visual Studio Project\Main.cpp(231,29): warning C4305: '=': truncation from 'double' to 'float'
C:\Users\linus\CLionProjects\ee\Visual Studio Project\Main.cpp(232,32): warning C4305: '=': truncation from 'double' to 'float'
C:\Users\linus\CLionProjects\ee\Visual Studio Project\Main.cpp(233,27): warning C4305: '=': truncation from 'double' to 'float'
C:\Users\linus\CLionProjects\ee\Visual Studio Project\Main.cpp(234,29): warning C4305: '=': truncation from 'double' to 'float'
C:\Users\linus\CLionProjects\ee\Visual Studio Project\Main.cpp(236,29): warning C4305: '=': truncation from 'double' to 'float'
C:\Users\linus\CLionProjects\ee\Visual Studio Project\Main.cpp(237,35): warning C4305: '=': truncation from 'double' to 'float'
C:\Users\linus\CLionProjects\ee\Visual Studio Project\Main.cpp(476,38): warning C4018: '<': signed/unsigned mismatch
C:\Users\linus\CLionProjects\ee\Visual Studio Project\Main.cpp(481,29): warning C4018: '<': signed/unsigned mismatch
C:\Users\linus\CLionProjects\ee\Visual Studio Project\Main.cpp(529,25): warning C4018: '<': signed/unsigned mismatch
C:\Users\linus\CLionProjects\ee\Visual Studio Project\Main.cpp(539,25): warning C4018: '<': signed/unsigned mismatch
C:\Users\linus\CLionProjects\ee\Visual Studio Project\Main.cpp(551,25): warning C4018: '<': signed/unsigned mismatch
C:\Users\linus\CLionProjects\ee\Visual Studio Project\Main.cpp(560,25): warning C4018: '<': signed/unsigned mismatch
C:\Users\linus\CLionProjects\ee\Visual Studio Project\Main.cpp(724,45): warning C4244: '=': conversion from 'double' to 'float', possible loss of data
C:\Users\linus\CLionProjects\ee\Visual Studio Project\Main.cpp(747,37): warning C4018: '<': signed/unsigned mismatch
  animals.cpp
C:\Users\linus\CLionProjects\ee\Visual Studio Project\animals.h(13,15): warning C4099: 'predator': type name first seen using 'struct' now seen using 'class'
C:\Users\linus\CLionProjects\ee\Visual Studio Project\state.h(10): message : see declaration of 'predator'
C:\Users\linus\CLionProjects\ee\Visual Studio Project\animals.h(15,12): warning C4099: 'prey': type name first seen using 'struct' now seen using 'class'
C:\Users\linus\CLionProjects\ee\Visual Studio Project\animals.h(15): message : see declaration of 'prey'
C:\Users\linus\CLionProjects\ee\Visual Studio Project\animals.h(22,16): warning C4099: 'predator': type name first seen using 'struct' now seen using 'class'
C:\Users\linus\CLionProjects\ee\Visual Studio Project\animals.h(22): message : see declaration of 'predator'
  mouse.cpp
C:\Users\linus\CLionProjects\ee\Visual Studio Project\animals.h(13,15): warning C4099: 'predator': type name first seen using 'struct' now seen using 'class'
C:\Users\linus\CLionProjects\ee\Visual Studio Project\state.h(10): message : see declaration of 'predator'
C:\Users\linus\CLionProjects\ee\Visual Studio Project\animals.h(15,12): warning C4099: 'prey': type name first seen using 'struct' now seen using 'class'
C:\Users\linus\CLionProjects\ee\Visual Studio Project\animals.h(15): message : see declaration of 'prey'
C:\Users\linus\CLionProjects\ee\Visual Studio Project\animals.h(22,16): warning C4099: 'predator': type name first seen using 'struct' now seen using 'class'
C:\Users\linus\CLionProjects\ee\Visual Studio Project\animals.h(22): message : see declaration of 'predator'
imgui_impl_glfw.obj : error LNK2001: unresolved external symbol _glfwSwapBuffers
imgui_impl_glfw.obj : error LNK2001: unresolved external symbol _glfwSwapInterval
imgui_impl_glfw.obj : error LNK2001: unresolved external symbol _glfwGetClipboardString
imgui_impl_glfw.obj : error LNK2001: unresolved external symbol _glfwGetInputMode
imgui_impl_glfw.obj : error LNK2001: unresolved external symbol _glfwGetWindowAttrib
imgui_impl_glfw.obj : error LNK2001: unresolved external symbol _glfwGetTime
imgui_impl_glfw.obj : error LNK2001: unresolved external symbol _glfwCreateWindowSurface
imgui_impl_glfw.obj : error LNK2001: unresolved external symbol _glfwGetVideoMode
imgui_impl_glfw.obj : error LNK2001: unresolved external symbol _glfwSetMonitorCallback
imgui_impl_glfw.obj : error LNK2001: unresolved external symbol _glfwGetFramebufferSize
imgui_impl_glfw.obj : error LNK2001: unresolved external symbol _glfwSetClipboardString
imgui_impl_glfw.obj : error LNK2001: unresolved external symbol _glfwFocusWindow
imgui_impl_glfw.obj : error LNK2001: unresolved external symbol _glfwSetCursorEnterCallback
imgui_impl_glfw.obj : error LNK2001: unresolved external symbol _glfwGetWindowSize
imgui_impl_glfw.obj : error LNK2001: unresolved external symbol _glfwSetMouseButtonCallback
imgui_impl_glfw.obj : error LNK2001: unresolved external symbol _glfwSetCursor
imgui_impl_glfw.obj : error LNK2001: unresolved external symbol _glfwDestroyCursor
imgui_impl_glfw.obj : error LNK2001: unresolved external symbol _glfwSetKeyCallback
imgui_impl_glfw.obj : error LNK2001: unresolved external symbol _glfwSetScrollCallback
imgui_impl_glfw.obj : error LNK2001: unresolved external symbol _glfwCreateWindow
imgui_impl_glfw.obj : error LNK2001: unresolved external symbol _glfwWindowHint
imgui_impl_glfw.obj : error LNK2001: unresolved external symbol _glfwSetInputMode
imgui_impl_glfw.obj : error LNK2001: unresolved external symbol _glfwMakeContextCurrent
imgui_impl_glfw.obj : error LNK2001: unresolved external symbol _glfwShowWindow
imgui_impl_glfw.obj : error LNK2001: unresolved external symbol _glfwCreateStandardCursor
imgui_impl_glfw.obj : error LNK2001: unresolved external symbol _glfwSetWindowCloseCallback
imgui_impl_glfw.obj : error LNK2001: unresolved external symbol _glfwGetMonitors
imgui_impl_glfw.obj : error LNK2001: unresolved external symbol _glfwSetCursorPos
imgui_impl_glfw.obj : error LNK2001: unresolved external symbol _glfwGetWindowPos
imgui_impl_glfw.obj : error LNK2001: unresolved external symbol _glfwGetMonitorWorkarea
imgui_impl_glfw.obj : error LNK2001: unresolved external symbol _glfwDestroyWindow
imgui_impl_glfw.obj : error LNK2001: unresolved external symbol _glfwGetWin32Window
imgui_impl_glfw.obj : error LNK2001: unresolved external symbol _glfwSetWindowPosCallback
imgui_impl_glfw.obj : error LNK2001: unresolved external symbol _glfwGetGamepadState
imgui_impl_glfw.obj : error LNK2001: unresolved external symbol _glfwSetWindowTitle
imgui_impl_glfw.obj : error LNK2001: unresolved external symbol _glfwGetMonitorPos
imgui_impl_glfw.obj : error LNK2001: unresolved external symbol _glfwSetCursorPosCallback
imgui_impl_glfw.obj : error LNK2001: unresolved external symbol _glfwGetKeyName
imgui_impl_glfw.obj : error LNK2001: unresolved external symbol _glfwGetCursorPos
imgui_impl_glfw.obj : error LNK2001: unresolved external symbol _glfwSetWindowFocusCallback
imgui_impl_glfw.obj : error LNK2001: unresolved external symbol _glfwSetWindowSizeCallback
imgui_impl_glfw.obj : error LNK2001: unresolved external symbol _glfwSetWindowSize
imgui_impl_glfw.obj : error LNK2001: unresolved external symbol _glfwSetErrorCallback
imgui_impl_glfw.obj : error LNK2001: unresolved external symbol _glfwSetWindowOpacity
imgui_impl_glfw.obj : error LNK2001: unresolved external symbol _glfwSetCharCallback
imgui_impl_glfw.obj : error LNK2001: unresolved external symbol _glfwSetWindowPos
imgui_impl_glfw.obj : error LNK2001: unresolved external symbol _glfwGetMonitorContentScale
Main.obj : error LNK2001: unresolved external symbol _glfwTerminate
Main.obj : error LNK2001: unresolved external symbol _glfwGetCurrentContext
Main.obj : error LNK2001: unresolved external symbol _glfwPollEvents
Main.obj : error LNK2001: unresolved external symbol _glfwInit
Main.obj : error LNK2001: unresolved external symbol _glfwWindowShouldClose
C:\Users\linus\CLionProjects\ee\Visual Studio Project\Release\Extended Essay Linus Lüchinger.exe : fatal error LNK1120: 52 unresolved externals
